<?xml version="1.0" encoding="UTF-8"?>
<testng-results skipped="0" failed="0" ignored="0" total="1" passed="1">
  <reporter-output>
  </reporter-output>
  <suite name="Suite" duration-ms="29439" started-at="2020-03-11T01:41:44 ICT" finished-at="2020-03-11T01:42:13 ICT">
    <groups>
    </groups>
    <test name="Test" duration-ms="29439" started-at="2020-03-11T01:41:44 ICT" finished-at="2020-03-11T01:42:13 ICT">
      <class name="Titan.DealerAppraisalPT.TestCase.TellUsAboutYourSelf">
        <test-method status="PASS" signature="beforeTest()[pri:0, instance:Titan.DealerAppraisalPT.TestCase.TellUsAboutYourSelf@3159c4b8]" name="beforeTest" is-config="true" duration-ms="13" started-at="2020-03-11T01:41:44 ICT" finished-at="2020-03-11T01:41:44 ICT">
          <reporter-output>
          </reporter-output>
        </test-method> <!-- beforeTest -->
        <test-method status="PASS" signature="f()[pri:0, instance:Titan.DealerAppraisalPT.TestCase.TellUsAboutYourSelf@3159c4b8]" name="f" duration-ms="28680" started-at="2020-03-11T01:41:44 ICT" finished-at="2020-03-11T01:42:13 ICT">
          <reporter-output>
          </reporter-output>
        </test-method> <!-- f -->
        <test-method status="PASS" signature="afterTest()[pri:0, instance:Titan.DealerAppraisalPT.TestCase.TellUsAboutYourSelf@3159c4b8]" name="afterTest" is-config="true" duration-ms="709" started-at="2020-03-11T01:42:13 ICT" finished-at="2020-03-11T01:42:13 ICT">
          <reporter-output>
          </reporter-output>
        </test-method> <!-- afterTest -->
      </class> <!-- Titan.DealerAppraisalPT.TestCase.TellUsAboutYourSelf -->
    </test> <!-- Test -->
  </suite> <!-- Suite -->
</testng-results>
