<?xml version="1.0" encoding="UTF-8"?>
<testng-results skipped="0" failed="0" ignored="0" total="1" passed="1">
  <reporter-output>
  </reporter-output>
  <suite name="Suite" duration-ms="81915" started-at="2020-03-21T02:22:22 ICT" finished-at="2020-03-21T02:23:44 ICT">
    <groups>
    </groups>
    <test name="Test" duration-ms="81915" started-at="2020-03-21T02:22:22 ICT" finished-at="2020-03-21T02:23:44 ICT">
      <class name="Titan.DealerAppraisalPT.TestCase.TellUsAboutYourSelf">
        <test-method status="PASS" signature="beforeTest(java.lang.String)[pri:0, instance:Titan.DealerAppraisalPT.TestCase.TellUsAboutYourSelf@6adede5]" name="beforeTest" is-config="true" duration-ms="77069" started-at="2020-03-21T02:22:22 ICT" finished-at="2020-03-21T02:23:39 ICT">
          <params>
            <param index="0">
              <value>
                <![CDATA[chrome]]>
              </value>
            </param>
          </params>
          <reporter-output>
          </reporter-output>
        </test-method> <!-- beforeTest -->
        <test-method status="PASS" signature="f()[pri:0, instance:Titan.DealerAppraisalPT.TestCase.TellUsAboutYourSelf@6adede5]" name="f" duration-ms="4143" started-at="2020-03-21T02:23:39 ICT" finished-at="2020-03-21T02:23:44 ICT">
          <reporter-output>
          </reporter-output>
        </test-method> <!-- f -->
        <test-method status="PASS" signature="afterTest()[pri:0, instance:Titan.DealerAppraisalPT.TestCase.TellUsAboutYourSelf@6adede5]" name="afterTest" is-config="true" duration-ms="665" started-at="2020-03-21T02:23:44 ICT" finished-at="2020-03-21T02:23:44 ICT">
          <reporter-output>
          </reporter-output>
        </test-method> <!-- afterTest -->
      </class> <!-- Titan.DealerAppraisalPT.TestCase.TellUsAboutYourSelf -->
    </test> <!-- Test -->
  </suite> <!-- Suite -->
</testng-results>
